OS SYSTEM:    Windows
CPU CORES:    4
CHROME PATH:     webdriver\chrome\Windows\v116_0_5845_96\chromedriver.exe
sekolah_urls:  414792
getting sekolah profile
getting unprocessed schools
get profile sekolah done in: 150.65410661697388 seconds
OS SYSTEM:    Windows
CPU CORES:    4
CHROME PATH:     webdriver\chrome\Windows\v116_0_5845_96\chromedriver.exe
sekolah_urls:  414792
getting sekolah profile
getting unprocessed schools
get profile sekolah done in: 97.7094075679779 seconds
OS SYSTEM:    Windows
CPU CORES:    4
CHROME PATH:     webdriver\chrome\Windows\v116_0_5845_96\chromedriver.exe
sekolah_urls:  414792
getting sekolah profile
404:  https://dapo.kemdikbud.go.id/sekolah/A1028900F6529B46A41B
404:  https://dapo.kemdikbud.go.id/sekolah/B81C2901B374A9D9B9CE
404:  https://dapo.kemdikbud.go.id/sekolah/389D67C9A2C7E088E258
404:  https://dapo.kemdikbud.go.id/sekolah/0D3DBC6F242D01CED310
getting unprocessed schools
get profile sekolah done in: 2470.1818323135376 seconds
OS SYSTEM:    Windows
CPU CORES:    4
CHROME PATH:     webdriver\chrome\Windows\v116_0_5845_96\chromedriver.exe
sekolah_urls:  414792
getting sekolah profile
getting unprocessed schools
get profile sekolah done in: 1814.1472251415253 seconds
OS SYSTEM:    Windows
CPU CORES:    4
CHROME PATH:     webdriver\chrome\Windows\v116_0_5845_96\chromedriver.exe
sekolah_urls:  414792
getting sekolah profile
404:  https://dapo.kemdikbud.go.id/sekolah/41BC34AE1D4CFFD7FAA9
404:  https://dapo.kemdikbud.go.id/sekolah/67449BB04C3728903515
getting unprocessed schools
get profile sekolah done in: 4400.562599658966 seconds
