OS SYSTEM:    Windows
CPU CORES:    4
CHROME PATH:     webdriver\chrome\Windows\v116_0_5845_96\chromedriver.exe
sekolah_urls:  441570
getting sekolah profile
404:  https://dapo.kemdikbud.go.id/sekolah/EBD0D4BF7380479FDF4D
404:  https://dapo.kemdikbud.go.id/sekolah/2D96FFCF1EB94D26F64D
404:  https://dapo.kemdikbud.go.id/sekolah/E77110EBDCCCCDCB56A7
404:  https://dapo.kemdikbud.go.id/sekolah/D1A22F2E458AD98B247B
404:  https://dapo.kemdikbud.go.id/sekolah/4B3D4DB5B49546D3CD3F
404:  https://dapo.kemdikbud.go.id/sekolah/CA90B951EDAFB192E750
404:  https://dapo.kemdikbud.go.id/sekolah/CAC5354747CEFFBDDC32
404:  https://dapo.kemdikbud.go.id/sekolah/308A9D3E8E85ECD6CBC5
404:  https://dapo.kemdikbud.go.id/sekolah/BCDAFA26FDB1F875B49E
404:  https://dapo.kemdikbud.go.id/sekolah/C75C97F6E59C8ECA81FD
404:  https://dapo.kemdikbud.go.id/sekolah/A3DB9ED2A4B7A7DA06BC
404:  https://dapo.kemdikbud.go.id/sekolah/3AF5C869586DA86D2F63
404:  https://dapo.kemdikbud.go.id/sekolah/22D8BB38EC44B98F47AB
404:  https://dapo.kemdikbud.go.id/sekolah/843737FF169D229EB9FB
404:  https://dapo.kemdikbud.go.id/sekolah/92D538E3BED8CB204E92
404:  https://dapo.kemdikbud.go.id/sekolah/0D4F9B92F53B59B01287
404:  https://dapo.kemdikbud.go.id/sekolah/842005640D9A34A09500
404:  https://dapo.kemdikbud.go.id/sekolah/F0BE8B6AE963CCCD937C
404:  https://dapo.kemdikbud.go.id/sekolah/6A3A6D0A737ACB364C95
404:  https://dapo.kemdikbud.go.id/sekolah/A84E95009F9EEE8FED5D
404:  https://dapo.kemdikbud.go.id/sekolah/D06832E0C5F93C674141
404:  https://dapo.kemdikbud.go.id/sekolah/622A00F0EF8BF6BC9DDC
404:  https://dapo.kemdikbud.go.id/sekolah/B2CDB61BB21636F7F4AE
404:  https://dapo.kemdikbud.go.id/sekolah/F575DA86D7C5B8ED305F
404:  https://dapo.kemdikbud.go.id/sekolah/67BD9B2F1738F3473B61
404:  https://dapo.kemdikbud.go.id/sekolah/0A9832697467EBD82274
https://dapo.kemdikbud.go.id/sekolah/967C35C824BE5C7277D3, error: 'NoneType' object has no attribute 'get_text', retry: 0
404:  https://dapo.kemdikbud.go.id/sekolah/AEDAC5DDE0631FB938CA
404:  https://dapo.kemdikbud.go.id/sekolah/FE0AEB1BC2EFDCFC56CA
404:  https://dapo.kemdikbud.go.id/sekolah/FB3AC453329BEA777ABB
404:  https://dapo.kemdikbud.go.id/sekolah/56D2C84AD2F4BE1A4B62
404:  https://dapo.kemdikbud.go.id/sekolah/6E7624C88A1D939D2DC6
404:  https://dapo.kemdikbud.go.id/sekolah/4691F27ACDFEEA02FBD2
404:  https://dapo.kemdikbud.go.id/sekolah/B3393BDEF3F226552988
404:  https://dapo.kemdikbud.go.id/sekolah/D8BF7A57EF013CAB3776
404:  https://dapo.kemdikbud.go.id/sekolah/8B0EFBC5A58AEBDDA2F6
404:  https://dapo.kemdikbud.go.id/sekolah/8459D76E9BFB7C689848
404:  https://dapo.kemdikbud.go.id/sekolah/AD74FFBB6C1B870FEEA1
404:  https://dapo.kemdikbud.go.id/sekolah/28762CDB1B6195167A9F
404:  https://dapo.kemdikbud.go.id/sekolah/A94EB824F79BF8BDD1F9
404:  https://dapo.kemdikbud.go.id/sekolah/04A1B8508CFC1A798A78
404:  https://dapo.kemdikbud.go.id/sekolah/FC5E963A2604EDC1D9F7
404:  https://dapo.kemdikbud.go.id/sekolah/04E1E7CDB7C724513B0C
404:  https://dapo.kemdikbud.go.id/sekolah/44495C1D991F0AC04DDD
404:  https://dapo.kemdikbud.go.id/sekolah/C35E3CEF690DFB213F4C
404:  https://dapo.kemdikbud.go.id/sekolah/763B948DAB754A2B6ECF
404:  https://dapo.kemdikbud.go.id/sekolah/C78A638D4FE74228A95F
404:  https://dapo.kemdikbud.go.id/sekolah/7CDDDD95AAB634637A1D
404:  https://dapo.kemdikbud.go.id/sekolah/F6710D3CCB99BB3353AA
404:  https://dapo.kemdikbud.go.id/sekolah/3F71786CA64AD31877C4
404:  https://dapo.kemdikbud.go.id/sekolah/7F801804FB27073FE578
404:  https://dapo.kemdikbud.go.id/sekolah/5AFAA7BD09DD34961CCF
404:  https://dapo.kemdikbud.go.id/sekolah/F30D4A75D4F19383D077
404:  https://dapo.kemdikbud.go.id/sekolah/8A370539EE11AE87D98F
404:  https://dapo.kemdikbud.go.id/sekolah/21817E3FB59CB8495587
404:  https://dapo.kemdikbud.go.id/sekolah/CE615AF53A06F210FEB2
404:  https://dapo.kemdikbud.go.id/sekolah/AAE57E4FC775E6C2F1FA
404:  https://dapo.kemdikbud.go.id/sekolah/69A994D5DA1071C150AB
404:  https://dapo.kemdikbud.go.id/sekolah/298B3E6F5CB235CCEDB7
404:  https://dapo.kemdikbud.go.id/sekolah/2192723159A9993DE366
404:  https://dapo.kemdikbud.go.id/sekolah/4B91AB0BFC939B87B4AF
404:  https://dapo.kemdikbud.go.id/sekolah/6D56A66B8FA7CF6E1CF5
404:  https://dapo.kemdikbud.go.id/sekolah/68D09B5CD24F1AF706FB
404:  https://dapo.kemdikbud.go.id/sekolah/BBA51373607DD0C27201
404:  https://dapo.kemdikbud.go.id/sekolah/DD48C1634361646BC56F
404:  https://dapo.kemdikbud.go.id/sekolah/B24A020AC3C0906907DE
404:  https://dapo.kemdikbud.go.id/sekolah/663E27B9F9021365E2E4
404:  https://dapo.kemdikbud.go.id/sekolah/6D1242406CFDAC5C437F
404:  https://dapo.kemdikbud.go.id/sekolah/B2431BEBF3F0BD3B1159
404:  https://dapo.kemdikbud.go.id/sekolah/0B2DA1C66C7E96B1FCB8
404:  https://dapo.kemdikbud.go.id/sekolah/A13B525E5B458140BB79
404:  https://dapo.kemdikbud.go.id/sekolah/F24053DE31D536420B06
404:  https://dapo.kemdikbud.go.id/sekolah/0072D921E98D14A6CD93
404:  https://dapo.kemdikbud.go.id/sekolah/FA52D9FA6D64DADF23C3
404:  https://dapo.kemdikbud.go.id/sekolah/7DFF1139F107CAAB7B6A
404:  https://dapo.kemdikbud.go.id/sekolah/BF0D13F64BE44FD93E44
404:  https://dapo.kemdikbud.go.id/sekolah/FA6534F5A162D3B0AFCF
404:  https://dapo.kemdikbud.go.id/sekolah/FDDFF4926FA727700FE2
404:  https://dapo.kemdikbud.go.id/sekolah/4D235D8A6643BDA20C3E
404:  https://dapo.kemdikbud.go.id/sekolah/51E833AC6761D5CA129E
404:  https://dapo.kemdikbud.go.id/sekolah/29F06FC0CFE0D20372A1
404:  https://dapo.kemdikbud.go.id/sekolah/9C308F30C9F8F5A8BF3A
404:  https://dapo.kemdikbud.go.id/sekolah/B636E2E05592853F6D0E
404:  https://dapo.kemdikbud.go.id/sekolah/A189FC4AA737594A211C
404:  https://dapo.kemdikbud.go.id/sekolah/7D19F403D62953962622
404:  https://dapo.kemdikbud.go.id/sekolah/840725EF819F4989D647
404:  https://dapo.kemdikbud.go.id/sekolah/0E2CA3E4BFA17416BB1F
404:  https://dapo.kemdikbud.go.id/sekolah/68BFB3AD54BBD22D9C2C
404:  https://dapo.kemdikbud.go.id/sekolah/54EE0A698E729D9DA3A7
404:  https://dapo.kemdikbud.go.id/sekolah/BF0331C6596FF86340DB
404:  https://dapo.kemdikbud.go.id/sekolah/A1B72395E59D06702BC9
404:  https://dapo.kemdikbud.go.id/sekolah/55E41B950B2D85CF4C9C
404:  https://dapo.kemdikbud.go.id/sekolah/1F8B45BBDAF69E04F57A
404:  https://dapo.kemdikbud.go.id/sekolah/77AB94982D9FD0852457
404:  https://dapo.kemdikbud.go.id/sekolah/FA360475F38041A7F97F
404:  https://dapo.kemdikbud.go.id/sekolah/4A82B59EF87F4FCD5521
404:  https://dapo.kemdikbud.go.id/sekolah/8A554E73A7F8EF0F3121
404:  https://dapo.kemdikbud.go.id/sekolah/7D5286D228C5DEB0FBD7
404:  https://dapo.kemdikbud.go.id/sekolah/CA0ABBFD9DAC8A1713F8
404:  https://dapo.kemdikbud.go.id/sekolah/54565E9E5079D4712FFA
404:  https://dapo.kemdikbud.go.id/sekolah/CFBA1CE63367A76AD0A8
404:  https://dapo.kemdikbud.go.id/sekolah/976AE8BC85ABF64D973D
404:  https://dapo.kemdikbud.go.id/sekolah/6E2D533E693DBB7044DF
404:  https://dapo.kemdikbud.go.id/sekolah/4F22FEEA2FAA9111B4E9
404:  https://dapo.kemdikbud.go.id/sekolah/6DC669CBED27C4C47775
404:  https://dapo.kemdikbud.go.id/sekolah/E6577E70C07C9C05CB13
404:  https://dapo.kemdikbud.go.id/sekolah/7D795993613E9D298D01
404:  https://dapo.kemdikbud.go.id/sekolah/0350FBCEC15746D32607
404:  https://dapo.kemdikbud.go.id/sekolah/FC05FC5DAF90D09A9733
404:  https://dapo.kemdikbud.go.id/sekolah/F59377E18096BC8C78F6
404:  https://dapo.kemdikbud.go.id/sekolah/E03F4ADBA12F34033282
404:  https://dapo.kemdikbud.go.id/sekolah/9E74EE1C529CF97CB156
404:  https://dapo.kemdikbud.go.id/sekolah/F7A51C9212427581811E
404:  https://dapo.kemdikbud.go.id/sekolah/3B412B9FFD38233C50E8
404:  https://dapo.kemdikbud.go.id/sekolah/49F74FD0C89C7FA2FE4B
404:  https://dapo.kemdikbud.go.id/sekolah/F1FC50CDF918CA3E6213
404:  https://dapo.kemdikbud.go.id/sekolah/3FF45F1F2602CF4B1D21
404:  https://dapo.kemdikbud.go.id/sekolah/BEA9BD8DCC90D4F3E189
404:  https://dapo.kemdikbud.go.id/sekolah/EB76587BABE2DAD636AF
404:  https://dapo.kemdikbud.go.id/sekolah/AD26028BBA4673C25C80
404:  https://dapo.kemdikbud.go.id/sekolah/488B7F8AB228170E2898
404:  https://dapo.kemdikbud.go.id/sekolah/7563A3037FCD5C662EFE
404:  https://dapo.kemdikbud.go.id/sekolah/8724F3AC28F0A14E849E
404:  https://dapo.kemdikbud.go.id/sekolah/9FF07B6EEF1F36CDE79D
404:  https://dapo.kemdikbud.go.id/sekolah/A1DA7C6AF3FE6DFE8780
404:  https://dapo.kemdikbud.go.id/sekolah/5C610C1BE348E7B01D54
404:  https://dapo.kemdikbud.go.id/sekolah/625D94C23E80303B0D7A
404:  https://dapo.kemdikbud.go.id/sekolah/E4A20998437D505DDA6C
404:  https://dapo.kemdikbud.go.id/sekolah/8259B9AC6E871DEB1B5A
404:  https://dapo.kemdikbud.go.id/sekolah/1B0B73BD8CFEBBD6D961
404:  https://dapo.kemdikbud.go.id/sekolah/F194C71C37779D7D6D02
404:  https://dapo.kemdikbud.go.id/sekolah/CC7ADFB0CAC56C632162
404:  https://dapo.kemdikbud.go.id/sekolah/B85DFB18DADD7161AEBB
404:  https://dapo.kemdikbud.go.id/sekolah/391BF335EFF15C0F5D9B
404:  https://dapo.kemdikbud.go.id/sekolah/CC7952C7D0C575E08F2E
404:  https://dapo.kemdikbud.go.id/sekolah/AE96DBCB05EA93090746
404:  https://dapo.kemdikbud.go.id/sekolah/FBF4EAB90A7B0483E03B
404:  https://dapo.kemdikbud.go.id/sekolah/CA2DA5735C3D4152AF57
404:  https://dapo.kemdikbud.go.id/sekolah/CED20F9EBCA1E29272F8
404:  https://dapo.kemdikbud.go.id/sekolah/9EE48699B7C586568103
404:  https://dapo.kemdikbud.go.id/sekolah/5042AD3621EFC34DA66B
404:  https://dapo.kemdikbud.go.id/sekolah/E425C195ABB1C9C5DEC3
404:  https://dapo.kemdikbud.go.id/sekolah/431EA81FFE74D67D77B2
404:  https://dapo.kemdikbud.go.id/sekolah/0506794149727F7B2A5F
404:  https://dapo.kemdikbud.go.id/sekolah/8D78AB6570BE196A7D6A
404:  https://dapo.kemdikbud.go.id/sekolah/8E4951E91622B4E22595
404:  https://dapo.kemdikbud.go.id/sekolah/2596CCDA5362CFC57290
404:  https://dapo.kemdikbud.go.id/sekolah/E7BCFFE0E20C0D37C380
getting unprocessed schools
get profile sekolah done in: 5022.152712583542 seconds
