OS SYSTEM:    Windows
CPU CORES:    4
CHROME PATH:     webdriver\chrome\Windows\v116_0_5845_96\chromedriver.exe
sekolah_urls:  414792
getting sekolah profile
404:  https://dapo.kemdikbud.go.id/sekolah/389D67C9A2C7E088E258
404:  https://dapo.kemdikbud.go.id/sekolah/67449BB04C3728903515
404:  https://dapo.kemdikbud.go.id/sekolah/0D3DBC6F242D01CED310
404: 404:   https://dapo.kemdikbud.go.id/sekolah/41BC34AE1D4CFFD7FAA9
https://dapo.kemdikbud.go.id/sekolah/41BC34AE1D4CFFD7FAA9
404:  https://dapo.kemdikbud.go.id/sekolah/67449BB04C3728903515
404:  https://dapo.kemdikbud.go.id/sekolah/860FB70CEAA8C98C011F
404:  https://dapo.kemdikbud.go.id/sekolah/D1290DCA1D57137DF586
404:  https://dapo.kemdikbud.go.id/sekolah/FFCEC2757339761E1E40
404:  https://dapo.kemdikbud.go.id/sekolah/A1028900F6529B46A41B
404:  https://dapo.kemdikbud.go.id/sekolah/B81C2901B374A9D9B9CE
404:  https://dapo.kemdikbud.go.id/sekolah/67449BB04C3728903515
404:  https://dapo.kemdikbud.go.id/sekolah/41BC34AE1D4CFFD7FAA9
404:  https://dapo.kemdikbud.go.id/sekolah/860FB70CEAA8C98C011F
404:  https://dapo.kemdikbud.go.id/sekolah/389D67C9A2C7E088E258
404:  https://dapo.kemdikbud.go.id/sekolah/0D3DBC6F242D01CED310
404:  https://dapo.kemdikbud.go.id/sekolah/D1290DCA1D57137DF586
404:  https://dapo.kemdikbud.go.id/sekolah/41BC34AE1D4CFFD7FAA9
404:  https://dapo.kemdikbud.go.id/sekolah/FFCEC2757339761E1E40
404:  https://dapo.kemdikbud.go.id/sekolah/67449BB04C3728903515404:  https://dapo.kemdikbud.go.id/sekolah/A1028900F6529B46A41B

404:  https://dapo.kemdikbud.go.id/sekolah/B81C2901B374A9D9B9CE
404:  https://dapo.kemdikbud.go.id/sekolah/389D67C9A2C7E088E258
404:  https://dapo.kemdikbud.go.id/sekolah/67449BB04C3728903515
404:  https://dapo.kemdikbud.go.id/sekolah/0D3DBC6F242D01CED310
404:  https://dapo.kemdikbud.go.id/sekolah/41BC34AE1D4CFFD7FAA9
404:  https://dapo.kemdikbud.go.id/sekolah/41BC34AE1D4CFFD7FAA9
404:  https://dapo.kemdikbud.go.id/sekolah/860FB70CEAA8C98C011F
404:  https://dapo.kemdikbud.go.id/sekolah/67449BB04C3728903515
404:  https://dapo.kemdikbud.go.id/sekolah/D1290DCA1D57137DF586
404:  https://dapo.kemdikbud.go.id/sekolah/FFCEC2757339761E1E40
404:  https://dapo.kemdikbud.go.id/sekolah/A1028900F6529B46A41B
404:  https://dapo.kemdikbud.go.id/sekolah/B81C2901B374A9D9B9CE
getting unprocessed schools
get profile sekolah done in: 71.37070655822754 seconds
OS SYSTEM:    Windows
CPU CORES:    4
CHROME PATH:     webdriver\chrome\Windows\v116_0_5845_96\chromedriver.exe
sekolah_urls:  414792
getting sekolah profile
404:  https://dapo.kemdikbud.go.id/sekolah/67449BB04C3728903515
404:  https://dapo.kemdikbud.go.id/sekolah/389D67C9A2C7E088E258
404:  https://dapo.kemdikbud.go.id/sekolah/41BC34AE1D4CFFD7FAA9
404:  https://dapo.kemdikbud.go.id/sekolah/0D3DBC6F242D01CED310
404:  https://dapo.kemdikbud.go.id/sekolah/860FB70CEAA8C98C011F
404:  https://dapo.kemdikbud.go.id/sekolah/41BC34AE1D4CFFD7FAA9
404:  https://dapo.kemdikbud.go.id/sekolah/D1290DCA1D57137DF586
404:  https://dapo.kemdikbud.go.id/sekolah/67449BB04C3728903515
404:  https://dapo.kemdikbud.go.id/sekolah/FFCEC2757339761E1E40
404:  https://dapo.kemdikbud.go.id/sekolah/A1028900F6529B46A41B
404:  https://dapo.kemdikbud.go.id/sekolah/B81C2901B374A9D9B9CE
404:  https://dapo.kemdikbud.go.id/sekolah/67449BB04C3728903515
404:  https://dapo.kemdikbud.go.id/sekolah/389D67C9A2C7E088E258
404:  https://dapo.kemdikbud.go.id/sekolah/41BC34AE1D4CFFD7FAA9
404:  https://dapo.kemdikbud.go.id/sekolah/0D3DBC6F242D01CED310
404:  https://dapo.kemdikbud.go.id/sekolah/860FB70CEAA8C98C011F
404:  https://dapo.kemdikbud.go.id/sekolah/41BC34AE1D4CFFD7FAA9
404:  https://dapo.kemdikbud.go.id/sekolah/D1290DCA1D57137DF586
404:  https://dapo.kemdikbud.go.id/sekolah/67449BB04C3728903515
404:  https://dapo.kemdikbud.go.id/sekolah/FFCEC2757339761E1E40
404:  https://dapo.kemdikbud.go.id/sekolah/A1028900F6529B46A41B
404:  https://dapo.kemdikbud.go.id/sekolah/B81C2901B374A9D9B9CE
404:  https://dapo.kemdikbud.go.id/sekolah/389D67C9A2C7E088E258
404:  https://dapo.kemdikbud.go.id/sekolah/67449BB04C3728903515
404:  https://dapo.kemdikbud.go.id/sekolah/0D3DBC6F242D01CED310
404:  https://dapo.kemdikbud.go.id/sekolah/41BC34AE1D4CFFD7FAA9
404:  https://dapo.kemdikbud.go.id/sekolah/41BC34AE1D4CFFD7FAA9
404:  https://dapo.kemdikbud.go.id/sekolah/860FB70CEAA8C98C011F
404:  https://dapo.kemdikbud.go.id/sekolah/67449BB04C3728903515
404:  https://dapo.kemdikbud.go.id/sekolah/D1290DCA1D57137DF586
404:  https://dapo.kemdikbud.go.id/sekolah/FFCEC2757339761E1E40
404:  https://dapo.kemdikbud.go.id/sekolah/A1028900F6529B46A41B
404:  https://dapo.kemdikbud.go.id/sekolah/B81C2901B374A9D9B9CE
this is unprocess []
getting unprocessed schools
get profile sekolah done in: 65.74749875068665 seconds
OS SYSTEM:    Windows
CPU CORES:    4
CHROME PATH:     webdriver\chrome\Windows\v116_0_5845_96\chromedriver.exe
sekolah_urls:  414792
getting sekolah profile
404:  https://dapo.kemdikbud.go.id/sekolah/389D67C9A2C7E088E258
404:  https://dapo.kemdikbud.go.id/sekolah/67449BB04C3728903515
404:  https://dapo.kemdikbud.go.id/sekolah/0D3DBC6F242D01CED310
404:  https://dapo.kemdikbud.go.id/sekolah/41BC34AE1D4CFFD7FAA9
404:  https://dapo.kemdikbud.go.id/sekolah/41BC34AE1D4CFFD7FAA9
404:  https://dapo.kemdikbud.go.id/sekolah/860FB70CEAA8C98C011F
404:  https://dapo.kemdikbud.go.id/sekolah/67449BB04C3728903515
404:  https://dapo.kemdikbud.go.id/sekolah/D1290DCA1D57137DF586
404:  https://dapo.kemdikbud.go.id/sekolah/FFCEC2757339761E1E40
404:  https://dapo.kemdikbud.go.id/sekolah/A1028900F6529B46A41B
404:  https://dapo.kemdikbud.go.id/sekolah/B81C2901B374A9D9B9CE
404:  https://dapo.kemdikbud.go.id/sekolah/389D67C9A2C7E088E258
404:  https://dapo.kemdikbud.go.id/sekolah/0D3DBC6F242D01CED310
404:  https://dapo.kemdikbud.go.id/sekolah/67449BB04C3728903515
404:  https://dapo.kemdikbud.go.id/sekolah/41BC34AE1D4CFFD7FAA9
404:  https://dapo.kemdikbud.go.id/sekolah/41BC34AE1D4CFFD7FAA9
404:  https://dapo.kemdikbud.go.id/sekolah/67449BB04C3728903515
404:  https://dapo.kemdikbud.go.id/sekolah/860FB70CEAA8C98C011F
404:  https://dapo.kemdikbud.go.id/sekolah/D1290DCA1D57137DF586
404:  https://dapo.kemdikbud.go.id/sekolah/FFCEC2757339761E1E40
404:  https://dapo.kemdikbud.go.id/sekolah/A1028900F6529B46A41B
404:  https://dapo.kemdikbud.go.id/sekolah/B81C2901B374A9D9B9CE
404:  https://dapo.kemdikbud.go.id/sekolah/67449BB04C3728903515
404:  https://dapo.kemdikbud.go.id/sekolah/389D67C9A2C7E088E258
404:  https://dapo.kemdikbud.go.id/sekolah/41BC34AE1D4CFFD7FAA9
404:  https://dapo.kemdikbud.go.id/sekolah/0D3DBC6F242D01CED310
404:  https://dapo.kemdikbud.go.id/sekolah/860FB70CEAA8C98C011F
404:  https://dapo.kemdikbud.go.id/sekolah/41BC34AE1D4CFFD7FAA9
404:  https://dapo.kemdikbud.go.id/sekolah/D1290DCA1D57137DF586
404:  https://dapo.kemdikbud.go.id/sekolah/67449BB04C3728903515
404:  https://dapo.kemdikbud.go.id/sekolah/FFCEC2757339761E1E40
404:  https://dapo.kemdikbud.go.id/sekolah/A1028900F6529B46A41B
404:  https://dapo.kemdikbud.go.id/sekolah/B81C2901B374A9D9B9CE
this is unprocess []
getting unprocessed schools
get profile sekolah done in: 73.81164479255676 seconds
OS SYSTEM:    Windows
CPU CORES:    4
CHROME PATH:     webdriver\chrome\Windows\v116_0_5845_96\chromedriver.exe
sekolah_urls:  414792
getting sekolah profile
404:  https://dapo.kemdikbud.go.id/sekolah/67449BB04C3728903515
404:  https://dapo.kemdikbud.go.id/sekolah/389D67C9A2C7E088E258
404:  https://dapo.kemdikbud.go.id/sekolah/389D67C9A2C7E088E258
404:  https://dapo.kemdikbud.go.id/sekolah/67449BB04C3728903515
404:  https://dapo.kemdikbud.go.id/sekolah/389D67C9A2C7E088E258
404:  https://dapo.kemdikbud.go.id/sekolah/67449BB04C3728903515
this is unprocess ['https://dapo.kemdikbud.go.id/sekolah/67449BB04C3728903515', 'https://dapo.kemdikbud.go.id/sekolah/389D67C9A2C7E088E258', 'https://dapo.kemdikbud.go.id/sekolah/389D67C9A2C7E088E258', 'https://dapo.kemdikbud.go.id/sekolah/67449BB04C3728903515', 'https://dapo.kemdikbud.go.id/sekolah/389D67C9A2C7E088E258', 'https://dapo.kemdikbud.go.id/sekolah/67449BB04C3728903515']
getting unprocessed schools
flag:  0
unprocessed ['https://dapo.kemdikbud.go.id/sekolah/67449BB04C3728903515', 'https://dapo.kemdikbud.go.id/sekolah/389D67C9A2C7E088E258']
temp unprocessed ['https://dapo.kemdikbud.go.id/sekolah/67449BB04C3728903515', 'https://dapo.kemdikbud.go.id/sekolah/389D67C9A2C7E088E258']
404:  https://dapo.kemdikbud.go.id/sekolah/67449BB04C3728903515
404:  https://dapo.kemdikbud.go.id/sekolah/389D67C9A2C7E088E258
going 0
flag:  0
unprocessed ['https://dapo.kemdikbud.go.id/sekolah/67449BB04C3728903515', 'https://dapo.kemdikbud.go.id/sekolah/389D67C9A2C7E088E258']
temp unprocessed ['https://dapo.kemdikbud.go.id/sekolah/67449BB04C3728903515', 'https://dapo.kemdikbud.go.id/sekolah/389D67C9A2C7E088E258']
404:  https://dapo.kemdikbud.go.id/sekolah/389D67C9A2C7E088E258
404:  https://dapo.kemdikbud.go.id/sekolah/67449BB04C3728903515
going 0
flag:  0
unprocessed ['https://dapo.kemdikbud.go.id/sekolah/67449BB04C3728903515', 'https://dapo.kemdikbud.go.id/sekolah/389D67C9A2C7E088E258']
temp unprocessed ['https://dapo.kemdikbud.go.id/sekolah/67449BB04C3728903515', 'https://dapo.kemdikbud.go.id/sekolah/389D67C9A2C7E088E258']
404:  https://dapo.kemdikbud.go.id/sekolah/389D67C9A2C7E088E258
404:  https://dapo.kemdikbud.go.id/sekolah/67449BB04C3728903515
going 0
flag:  0
unprocessed ['https://dapo.kemdikbud.go.id/sekolah/67449BB04C3728903515', 'https://dapo.kemdikbud.go.id/sekolah/389D67C9A2C7E088E258']
temp unprocessed ['https://dapo.kemdikbud.go.id/sekolah/67449BB04C3728903515', 'https://dapo.kemdikbud.go.id/sekolah/389D67C9A2C7E088E258']
404:  https://dapo.kemdikbud.go.id/sekolah/389D67C9A2C7E088E258
404:  https://dapo.kemdikbud.go.id/sekolah/67449BB04C3728903515
going 0
flag:  0
unprocessed ['https://dapo.kemdikbud.go.id/sekolah/67449BB04C3728903515', 'https://dapo.kemdikbud.go.id/sekolah/389D67C9A2C7E088E258']
temp unprocessed ['https://dapo.kemdikbud.go.id/sekolah/67449BB04C3728903515', 'https://dapo.kemdikbud.go.id/sekolah/389D67C9A2C7E088E258']
404:  https://dapo.kemdikbud.go.id/sekolah/67449BB04C3728903515
404:  https://dapo.kemdikbud.go.id/sekolah/389D67C9A2C7E088E258
going 0
flag:  0
unprocessed ['https://dapo.kemdikbud.go.id/sekolah/67449BB04C3728903515', 'https://dapo.kemdikbud.go.id/sekolah/389D67C9A2C7E088E258']
temp unprocessed ['https://dapo.kemdikbud.go.id/sekolah/67449BB04C3728903515', 'https://dapo.kemdikbud.go.id/sekolah/389D67C9A2C7E088E258']
404:  https://dapo.kemdikbud.go.id/sekolah/389D67C9A2C7E088E258
404:  https://dapo.kemdikbud.go.id/sekolah/67449BB04C3728903515
going 0
flag:  0
unprocessed ['https://dapo.kemdikbud.go.id/sekolah/67449BB04C3728903515', 'https://dapo.kemdikbud.go.id/sekolah/389D67C9A2C7E088E258']
temp unprocessed ['https://dapo.kemdikbud.go.id/sekolah/67449BB04C3728903515', 'https://dapo.kemdikbud.go.id/sekolah/389D67C9A2C7E088E258']
404:  https://dapo.kemdikbud.go.id/sekolah/67449BB04C3728903515
404:  https://dapo.kemdikbud.go.id/sekolah/389D67C9A2C7E088E258
going 0
flag:  0
unprocessed ['https://dapo.kemdikbud.go.id/sekolah/67449BB04C3728903515', 'https://dapo.kemdikbud.go.id/sekolah/389D67C9A2C7E088E258']
temp unprocessed ['https://dapo.kemdikbud.go.id/sekolah/67449BB04C3728903515', 'https://dapo.kemdikbud.go.id/sekolah/389D67C9A2C7E088E258']
404:  https://dapo.kemdikbud.go.id/sekolah/389D67C9A2C7E088E258
404:  https://dapo.kemdikbud.go.id/sekolah/67449BB04C3728903515
going 0
flag:  0
unprocessed ['https://dapo.kemdikbud.go.id/sekolah/67449BB04C3728903515', 'https://dapo.kemdikbud.go.id/sekolah/389D67C9A2C7E088E258']
temp unprocessed ['https://dapo.kemdikbud.go.id/sekolah/67449BB04C3728903515', 'https://dapo.kemdikbud.go.id/sekolah/389D67C9A2C7E088E258']
404:  https://dapo.kemdikbud.go.id/sekolah/67449BB04C3728903515
404:  https://dapo.kemdikbud.go.id/sekolah/389D67C9A2C7E088E258
going 0
flag:  0
unprocessed ['https://dapo.kemdikbud.go.id/sekolah/67449BB04C3728903515', 'https://dapo.kemdikbud.go.id/sekolah/389D67C9A2C7E088E258']
temp unprocessed ['https://dapo.kemdikbud.go.id/sekolah/67449BB04C3728903515', 'https://dapo.kemdikbud.go.id/sekolah/389D67C9A2C7E088E258']
404:  https://dapo.kemdikbud.go.id/sekolah/67449BB04C3728903515
404:  https://dapo.kemdikbud.go.id/sekolah/389D67C9A2C7E088E258
going 0
flag:  0
unprocessed ['https://dapo.kemdikbud.go.id/sekolah/67449BB04C3728903515', 'https://dapo.kemdikbud.go.id/sekolah/389D67C9A2C7E088E258']
temp unprocessed ['https://dapo.kemdikbud.go.id/sekolah/67449BB04C3728903515', 'https://dapo.kemdikbud.go.id/sekolah/389D67C9A2C7E088E258']
404:  https://dapo.kemdikbud.go.id/sekolah/389D67C9A2C7E088E258
404:  https://dapo.kemdikbud.go.id/sekolah/67449BB04C3728903515
going 0
flag:  0
unprocessed ['https://dapo.kemdikbud.go.id/sekolah/67449BB04C3728903515', 'https://dapo.kemdikbud.go.id/sekolah/389D67C9A2C7E088E258']
temp unprocessed ['https://dapo.kemdikbud.go.id/sekolah/67449BB04C3728903515', 'https://dapo.kemdikbud.go.id/sekolah/389D67C9A2C7E088E258']
404:  https://dapo.kemdikbud.go.id/sekolah/389D67C9A2C7E088E258
404:  https://dapo.kemdikbud.go.id/sekolah/67449BB04C3728903515
going 0
flag:  0
unprocessed ['https://dapo.kemdikbud.go.id/sekolah/67449BB04C3728903515', 'https://dapo.kemdikbud.go.id/sekolah/389D67C9A2C7E088E258']
temp unprocessed ['https://dapo.kemdikbud.go.id/sekolah/67449BB04C3728903515', 'https://dapo.kemdikbud.go.id/sekolah/389D67C9A2C7E088E258']
404:  https://dapo.kemdikbud.go.id/sekolah/389D67C9A2C7E088E258
404:  https://dapo.kemdikbud.go.id/sekolah/67449BB04C3728903515
going 0
flag:  0
unprocessed ['https://dapo.kemdikbud.go.id/sekolah/67449BB04C3728903515', 'https://dapo.kemdikbud.go.id/sekolah/389D67C9A2C7E088E258']
temp unprocessed ['https://dapo.kemdikbud.go.id/sekolah/67449BB04C3728903515', 'https://dapo.kemdikbud.go.id/sekolah/389D67C9A2C7E088E258']
404:  https://dapo.kemdikbud.go.id/sekolah/389D67C9A2C7E088E258
404:  https://dapo.kemdikbud.go.id/sekolah/67449BB04C3728903515
going 0
flag:  0
unprocessed ['https://dapo.kemdikbud.go.id/sekolah/67449BB04C3728903515', 'https://dapo.kemdikbud.go.id/sekolah/389D67C9A2C7E088E258']
temp unprocessed ['https://dapo.kemdikbud.go.id/sekolah/67449BB04C3728903515', 'https://dapo.kemdikbud.go.id/sekolah/389D67C9A2C7E088E258']
404:  https://dapo.kemdikbud.go.id/sekolah/67449BB04C3728903515
404:  https://dapo.kemdikbud.go.id/sekolah/389D67C9A2C7E088E258
going 0
flag:  0
unprocessed ['https://dapo.kemdikbud.go.id/sekolah/67449BB04C3728903515', 'https://dapo.kemdikbud.go.id/sekolah/389D67C9A2C7E088E258']
temp unprocessed ['https://dapo.kemdikbud.go.id/sekolah/67449BB04C3728903515', 'https://dapo.kemdikbud.go.id/sekolah/389D67C9A2C7E088E258']
404:  https://dapo.kemdikbud.go.id/sekolah/67449BB04C3728903515
404:  https://dapo.kemdikbud.go.id/sekolah/389D67C9A2C7E088E258
going 0
flag:  0
unprocessed ['https://dapo.kemdikbud.go.id/sekolah/67449BB04C3728903515', 'https://dapo.kemdikbud.go.id/sekolah/389D67C9A2C7E088E258']
temp unprocessed ['https://dapo.kemdikbud.go.id/sekolah/67449BB04C3728903515', 'https://dapo.kemdikbud.go.id/sekolah/389D67C9A2C7E088E258']
404:  https://dapo.kemdikbud.go.id/sekolah/67449BB04C3728903515
404:  OS SYSTEM:    Windows
CPU CORES:    4
CHROME PATH:     webdriver\chrome\Windows\v116_0_5845_96\chromedriver.exe
sekolah_urls:  414792
getting sekolah profile
404:  https://dapo.kemdikbud.go.id/sekolah/67449BB04C3728903515
404:  https://dapo.kemdikbud.go.id/sekolah/389D67C9A2C7E088E258
404:  https://dapo.kemdikbud.go.id/sekolah/389D67C9A2C7E088E258
404:  https://dapo.kemdikbud.go.id/sekolah/67449BB04C3728903515
404:  https://dapo.kemdikbud.go.id/sekolah/67449BB04C3728903515
404:  https://dapo.kemdikbud.go.id/sekolah/389D67C9A2C7E088E258
this is unprocess ['https://dapo.kemdikbud.go.id/sekolah/67449BB04C3728903515', 'https://dapo.kemdikbud.go.id/sekolah/389D67C9A2C7E088E258', 'https://dapo.kemdikbud.go.id/sekolah/389D67C9A2C7E088E258', 'https://dapo.kemdikbud.go.id/sekolah/67449BB04C3728903515', 'https://dapo.kemdikbud.go.id/sekolah/67449BB04C3728903515', 'https://dapo.kemdikbud.go.id/sekolah/389D67C9A2C7E088E258']
getting unprocessed schools
OS SYSTEM:    Windows
CPU CORES:    4
CHROME PATH:     webdriver\chrome\Windows\v116_0_5845_96\chromedriver.exe
sekolah_urls:  414792
getting sekolah profile
this is unprocess []
getting unprocessed schools
get profile sekolah done in: 1.4027936458587646 seconds
OS SYSTEM:    Windows
CPU CORES:    4
CHROME PATH:     webdriver\chrome\Windows\v116_0_5845_96\chromedriver.exe
sekolah_urls:  414792
getting sekolah profile
this is unprocess []
getting unprocessed schools
get profile sekolah done in: 1.448030710220337 seconds
OS SYSTEM:    Windows
CPU CORES:    4
CHROME PATH:     webdriver\chrome\Windows\v116_0_5845_96\chromedriver.exe
sekolah_urls:  414792
getting sekolah profile
get profile sekolah done in: 1.0735199451446533 seconds
OS SYSTEM:    Windows
CPU CORES:    4
CHROME PATH:     webdriver\chrome\Windows\v116_0_5845_96\chromedriver.exe
sekolah_urls:  414792
getting sekolah profile
get profile sekolah done in: 1.2616093158721924 seconds
OS SYSTEM:    Windows
CPU CORES:    4
CHROME PATH:     webdriver\chrome\Windows\v116_0_5845_96\chromedriver.exe
sekolah_urls:  414792
getting sekolah profile
get profile sekolah done in: 1.2311146259307861 seconds
OS SYSTEM:    Windows
CPU CORES:    4
CHROME PATH:     webdriver\chrome\Windows\v116_0_5845_96\chromedriver.exe
sekolah_urls:  414792
getting sekolah profile
1
get profile sekolah done in: 1.1198866367340088 seconds
OS SYSTEM:    Windows
CPU CORES:    4
CHROME PATH:     webdriver\chrome\Windows\v116_0_5845_96\chromedriver.exe
sekolah_urls:  414792
getting sekolah profile
1
2
school_partitions ['https://dapo.kemdikbud.go.id/sekolah/67449BB04C3728903515', 'https://dapo.kemdikbud.go.id/sekolah/389D67C9A2C7E088E258']
https://dapo.kemdikbud.go.id/sekolah/389D67C9A2C7E088E258, error: name 'masuk' is not defined, retry: 0
https://dapo.kemdikbud.go.id/sekolah/67449BB04C3728903515, error: name 'masuk' is not defined, retry: 0
https://dapo.kemdikbud.go.id/sekolah/389D67C9A2C7E088E258, error: name 'masuk' is not defined, retry: 1
https://dapo.kemdikbud.go.id/sekolah/67449BB04C3728903515, error: name 'masuk' is not defined, retry: 1
https://dapo.kemdikbud.go.id/sekolah/389D67C9A2C7E088E258, error: name 'masuk' is not defined, retry: 2
https://dapo.kemdikbud.go.id/sekolah/67449BB04C3728903515, error: name 'masuk' is not defined, retry: 2
get profile sekolah done in: 11.688913822174072 seconds
OS SYSTEM:    Windows
CPU CORES:    4
CHROME PATH:     webdriver\chrome\Windows\v116_0_5845_96\chromedriver.exe
sekolah_urls:  414792
getting sekolah profile
1
2
school_partitions ['https://dapo.kemdikbud.go.id/sekolah/67449BB04C3728903515', 'https://dapo.kemdikbud.go.id/sekolah/389D67C9A2C7E088E258']
gk nemu
404:  https://dapo.kemdikbud.go.id/sekolah/389D67C9A2C7E088E258
gk nemu
404:  https://dapo.kemdikbud.go.id/sekolah/67449BB04C3728903515
get profile sekolah done in: 16.701391220092773 seconds
OS SYSTEM:    Windows
CPU CORES:    4
CHROME PATH:     webdriver\chrome\Windows\v116_0_5845_96\chromedriver.exe
sekolah_urls:  414792
getting sekolah profile
1
2
gk nemu
404:  https://dapo.kemdikbud.go.id/sekolah/389D67C9A2C7E088E258
gk nemu
404:  https://dapo.kemdikbud.go.id/sekolah/67449BB04C3728903515
this is unprocess ['https://dapo.kemdikbud.go.id/sekolah/389D67C9A2C7E088E258', 'https://dapo.kemdikbud.go.id/sekolah/67449BB04C3728903515']
getting unprocessed schools
gk nemu
404:  https://dapo.kemdikbud.go.id/sekolah/67449BB04C3728903515
gk nemu
404:  https://dapo.kemdikbud.go.id/sekolah/389D67C9A2C7E088E258
going 1
gk nemu
404:  https://dapo.kemdikbud.go.id/sekolah/67449BB04C3728903515
gk nemu
404:  https://dapo.kemdikbud.go.id/sekolah/389D67C9A2C7E088E258
going 1
list of previous unprocessed schools still cannot be proccessed after third retry:
https://dapo.kemdikbud.go.id/sekolah/67449BB04C3728903515
https://dapo.kemdikbud.go.id/sekolah/389D67C9A2C7E088E258
get profile sekolah done in: 37.896925926208496 seconds
OS SYSTEM:    Windows
CPU CORES:    4
CHROME PATH:     webdriver\chrome\Windows\v116_0_5845_96\chromedriver.exe
sekolah_urls:  414792
getting sekolah profile
1
2
gk nemu
404:  https://dapo.kemdikbud.go.id/sekolah/389D67C9A2C7E088E258
gk nemu
404:  https://dapo.kemdikbud.go.id/sekolah/67449BB04C3728903515
this is unprocess ['https://dapo.kemdikbud.go.id/sekolah/389D67C9A2C7E088E258', 'https://dapo.kemdikbud.go.id/sekolah/67449BB04C3728903515']
getting unprocessed schools
gk nemu
404:  https://dapo.kemdikbud.go.id/sekolah/389D67C9A2C7E088E258
gk nemu
404:  https://dapo.kemdikbud.go.id/sekolah/67449BB04C3728903515
unprocessed_schools
temp_unprocessed_schools
unprocessed_schools
going 1
gk nemu
404:  https://dapo.kemdikbud.go.id/sekolah/67449BB04C3728903515
gk nemu
404:  https://dapo.kemdikbud.go.id/sekolah/389D67C9A2C7E088E258
unprocessed_schools
temp_unprocessed_schools
unprocessed_schools
going 1
list of previous unprocessed schools still cannot be proccessed after third retry:
https://dapo.kemdikbud.go.id/sekolah/67449BB04C3728903515
https://dapo.kemdikbud.go.id/sekolah/389D67C9A2C7E088E258
get profile sekolah done in: 37.68875527381897 seconds
OS SYSTEM:    Windows
CPU CORES:    4
CHROME PATH:     webdriver\chrome\Windows\v116_0_5845_96\chromedriver.exe
sekolah_urls:  414792
getting sekolah profile
1
2
gk nemu
404:  https://dapo.kemdikbud.go.id/sekolah/389D67C9A2C7E088E258
gk nemu
404:  https://dapo.kemdikbud.go.id/sekolah/67449BB04C3728903515
this is unprocess ['https://dapo.kemdikbud.go.id/sekolah/389D67C9A2C7E088E258', 'https://dapo.kemdikbud.go.id/sekolah/67449BB04C3728903515']
getting unprocessed schools
gk nemu
404:  https://dapo.kemdikbud.go.id/sekolah/67449BB04C3728903515
gk nemu
404:  https://dapo.kemdikbud.go.id/sekolah/389D67C9A2C7E088E258
unprocessed_schools ['https://dapo.kemdikbud.go.id/sekolah/67449BB04C3728903515', 'https://dapo.kemdikbud.go.id/sekolah/389D67C9A2C7E088E258', 'https://dapo.kemdikbud.go.id/sekolah/67449BB04C3728903515', 'https://dapo.kemdikbud.go.id/sekolah/389D67C9A2C7E088E258']
temp_unprocessed_schools ['https://dapo.kemdikbud.go.id/sekolah/67449BB04C3728903515', 'https://dapo.kemdikbud.go.id/sekolah/389D67C9A2C7E088E258']
unprocessed_schools ['https://dapo.kemdikbud.go.id/sekolah/67449BB04C3728903515', 'https://dapo.kemdikbud.go.id/sekolah/389D67C9A2C7E088E258']
going 1
gk nemu
404:  https://dapo.kemdikbud.go.id/sekolah/67449BB04C3728903515
gk nemu
404:  https://dapo.kemdikbud.go.id/sekolah/389D67C9A2C7E088E258
unprocessed_schools ['https://dapo.kemdikbud.go.id/sekolah/67449BB04C3728903515', 'https://dapo.kemdikbud.go.id/sekolah/389D67C9A2C7E088E258', 'https://dapo.kemdikbud.go.id/sekolah/67449BB04C3728903515', 'https://dapo.kemdikbud.go.id/sekolah/389D67C9A2C7E088E258']
temp_unprocessed_schools ['https://dapo.kemdikbud.go.id/sekolah/67449BB04C3728903515', 'https://dapo.kemdikbud.go.id/sekolah/389D67C9A2C7E088E258']
unprocessed_schools ['https://dapo.kemdikbud.go.id/sekolah/67449BB04C3728903515', 'https://dapo.kemdikbud.go.id/sekolah/389D67C9A2C7E088E258']
going 1
list of previous unprocessed schools still cannot be proccessed after third retry:
https://dapo.kemdikbud.go.id/sekolah/67449BB04C3728903515
https://dapo.kemdikbud.go.id/sekolah/389D67C9A2C7E088E258
get profile sekolah done in: 37.83158564567566 seconds
OS SYSTEM:    Windows
CPU CORES:    4
CHROME PATH:     webdriver\chrome\Windows\v116_0_5845_96\chromedriver.exe
sekolah_urls:  414792
getting sekolah profile
1
2
gk nemu
404:  https://dapo.kemdikbud.go.id/sekolah/389D67C9A2C7E088E258
gk nemu
404:  https://dapo.kemdikbud.go.id/sekolah/0D3DBC6F242D01CED310
gk nemu
404:  https://dapo.kemdikbud.go.id/sekolah/41BC34AE1D4CFFD7FAA9
gk nemu
404:  https://dapo.kemdikbud.go.id/sekolah/A1028900F6529B46A41B
gk nemu
404:  https://dapo.kemdikbud.go.id/sekolah/67449BB04C3728903515
gk nemu
404:  https://dapo.kemdikbud.go.id/sekolah/B81C2901B374A9D9B9CE
gk nemu
404:  https://dapo.kemdikbud.go.id/sekolah/389D67C9A2C7E088E258
this is unprocess ['https://dapo.kemdikbud.go.id/sekolah/389D67C9A2C7E088E258', 'https://dapo.kemdikbud.go.id/sekolah/0D3DBC6F242D01CED310', 'https://dapo.kemdikbud.go.id/sekolah/41BC34AE1D4CFFD7FAA9', 'https://dapo.kemdikbud.go.id/sekolah/A1028900F6529B46A41B', 'https://dapo.kemdikbud.go.id/sekolah/67449BB04C3728903515', 'https://dapo.kemdikbud.go.id/sekolah/B81C2901B374A9D9B9CE', 'https://dapo.kemdikbud.go.id/sekolah/389D67C9A2C7E088E258']
getting unprocessed schools
gk nemu
404:  https://dapo.kemdikbud.go.id/sekolah/389D67C9A2C7E088E258
gk nemugk nemu

404:  https://dapo.kemdikbud.go.id/sekolah/67449BB04C3728903515
404:  https://dapo.kemdikbud.go.id/sekolah/41BC34AE1D4CFFD7FAA9
gk nemu
404:  https://dapo.kemdikbud.go.id/sekolah/A1028900F6529B46A41B
gk nemugk nemu
404:  https://dapo.kemdikbud.go.id/sekolah/0D3DBC6F242D01CED310

404:  https://dapo.kemdikbud.go.id/sekolah/389D67C9A2C7E088E258
gk nemu
404:  https://dapo.kemdikbud.go.id/sekolah/B81C2901B374A9D9B9CE
unprocessed_schools ['https://dapo.kemdikbud.go.id/sekolah/B81C2901B374A9D9B9CE', 'https://dapo.kemdikbud.go.id/sekolah/0D3DBC6F242D01CED310', 'https://dapo.kemdikbud.go.id/sekolah/389D67C9A2C7E088E258', 'https://dapo.kemdikbud.go.id/sekolah/41BC34AE1D4CFFD7FAA9', 'https://dapo.kemdikbud.go.id/sekolah/67449BB04C3728903515', 'https://dapo.kemdikbud.go.id/sekolah/A1028900F6529B46A41B', 'https://dapo.kemdikbud.go.id/sekolah/389D67C9A2C7E088E258', 'https://dapo.kemdikbud.go.id/sekolah/67449BB04C3728903515', 'https://dapo.kemdikbud.go.id/sekolah/41BC34AE1D4CFFD7FAA9', 'https://dapo.kemdikbud.go.id/sekolah/A1028900F6529B46A41B', 'https://dapo.kemdikbud.go.id/sekolah/0D3DBC6F242D01CED310', 'https://dapo.kemdikbud.go.id/sekolah/389D67C9A2C7E088E258', 'https://dapo.kemdikbud.go.id/sekolah/B81C2901B374A9D9B9CE']
temp_unprocessed_schools ['https://dapo.kemdikbud.go.id/sekolah/B81C2901B374A9D9B9CE', 'https://dapo.kemdikbud.go.id/sekolah/0D3DBC6F242D01CED310', 'https://dapo.kemdikbud.go.id/sekolah/389D67C9A2C7E088E258', 'https://dapo.kemdikbud.go.id/sekolah/41BC34AE1D4CFFD7FAA9', 'https://dapo.kemdikbud.go.id/sekolah/67449BB04C3728903515', 'https://dapo.kemdikbud.go.id/sekolah/A1028900F6529B46A41B']
unprocessed_schools ['https://dapo.kemdikbud.go.id/sekolah/B81C2901B374A9D9B9CE', 'https://dapo.kemdikbud.go.id/sekolah/0D3DBC6F242D01CED310', 'https://dapo.kemdikbud.go.id/sekolah/389D67C9A2C7E088E258', 'https://dapo.kemdikbud.go.id/sekolah/41BC34AE1D4CFFD7FAA9', 'https://dapo.kemdikbud.go.id/sekolah/67449BB04C3728903515', 'https://dapo.kemdikbud.go.id/sekolah/A1028900F6529B46A41B']
going 1
gk nemu
404:  https://dapo.kemdikbud.go.id/sekolah/389D67C9A2C7E088E258
gk nemu
404:  https://dapo.kemdikbud.go.id/sekolah/A1028900F6529B46A41B
gk nemu
404:  https://dapo.kemdikbud.go.id/sekolah/67449BB04C3728903515
gk nemu
404:  https://dapo.kemdikbud.go.id/sekolah/41BC34AE1D4CFFD7FAA9
gk nemu
404:  https://dapo.kemdikbud.go.id/sekolah/0D3DBC6F242D01CED310
gk nemu
404:  https://dapo.kemdikbud.go.id/sekolah/389D67C9A2C7E088E258
gk nemu
404:  https://dapo.kemdikbud.go.id/sekolah/B81C2901B374A9D9B9CE
unprocessed_schools ['https://dapo.kemdikbud.go.id/sekolah/B81C2901B374A9D9B9CE', 'https://dapo.kemdikbud.go.id/sekolah/0D3DBC6F242D01CED310', 'https://dapo.kemdikbud.go.id/sekolah/389D67C9A2C7E088E258', 'https://dapo.kemdikbud.go.id/sekolah/41BC34AE1D4CFFD7FAA9', 'https://dapo.kemdikbud.go.id/sekolah/67449BB04C3728903515', 'https://dapo.kemdikbud.go.id/sekolah/A1028900F6529B46A41B', 'https://dapo.kemdikbud.go.id/sekolah/389D67C9A2C7E088E258', 'https://dapo.kemdikbud.go.id/sekolah/A1028900F6529B46A41B', 'https://dapo.kemdikbud.go.id/sekolah/67449BB04C3728903515', 'https://dapo.kemdikbud.go.id/sekolah/41BC34AE1D4CFFD7FAA9', 'https://dapo.kemdikbud.go.id/sekolah/0D3DBC6F242D01CED310', 'https://dapo.kemdikbud.go.id/sekolah/389D67C9A2C7E088E258', 'https://dapo.kemdikbud.go.id/sekolah/B81C2901B374A9D9B9CE']
temp_unprocessed_schools ['https://dapo.kemdikbud.go.id/sekolah/B81C2901B374A9D9B9CE', 'https://dapo.kemdikbud.go.id/sekolah/0D3DBC6F242D01CED310', 'https://dapo.kemdikbud.go.id/sekolah/389D67C9A2C7E088E258', 'https://dapo.kemdikbud.go.id/sekolah/41BC34AE1D4CFFD7FAA9', 'https://dapo.kemdikbud.go.id/sekolah/67449BB04C3728903515', 'https://dapo.kemdikbud.go.id/sekolah/A1028900F6529B46A41B']
unprocessed_schools ['https://dapo.kemdikbud.go.id/sekolah/B81C2901B374A9D9B9CE', 'https://dapo.kemdikbud.go.id/sekolah/0D3DBC6F242D01CED310', 'https://dapo.kemdikbud.go.id/sekolah/389D67C9A2C7E088E258', 'https://dapo.kemdikbud.go.id/sekolah/41BC34AE1D4CFFD7FAA9', 'https://dapo.kemdikbud.go.id/sekolah/67449BB04C3728903515', 'https://dapo.kemdikbud.go.id/sekolah/A1028900F6529B46A41B']
going 1
list of previous unprocessed schools still cannot be proccessed after third retry:
https://dapo.kemdikbud.go.id/sekolah/B81C2901B374A9D9B9CE
https://dapo.kemdikbud.go.id/sekolah/0D3DBC6F242D01CED310
https://dapo.kemdikbud.go.id/sekolah/389D67C9A2C7E088E258
https://dapo.kemdikbud.go.id/sekolah/41BC34AE1D4CFFD7FAA9
https://dapo.kemdikbud.go.id/sekolah/67449BB04C3728903515
https://dapo.kemdikbud.go.id/sekolah/A1028900F6529B46A41B
get profile sekolah done in: 55.22771644592285 seconds
OS SYSTEM:    Windows
CPU CORES:    4
CHROME PATH:     webdriver\chrome\Windows\v116_0_5845_96\chromedriver.exe
sekolah_urls:  414792
getting sekolah profile
1
2
get profile sekolah done in: 35.96295666694641 seconds
