OS SYSTEM:    Windows
CPU CORES:    4
CHROME PATH:     webdriver\chrome\Windows\v118.0.5993.70\chromedriver.exe
getting provices
getting kabupaten/kota
OS SYSTEM:    Windows
CPU CORES:    4
CHROME PATH:     webdriver\chrome\Windows\v118.0.5993.70\chromedriver.exe
getting provices
getting kabupaten/kota
39
in main_get_kode_kecamatan
province url: 0    https://vervalyayasan.data.kemdikbud.go.id/ind...
1    https://vervalyayasan.data.kemdikbud.go.id/ind...
2    https://vervalyayasan.data.kemdikbud.go.id/ind...
3    https://vervalyayasan.data.kemdikbud.go.id/ind...
4    https://vervalyayasan.data.kemdikbud.go.id/ind...
5    https://vervalyayasan.data.kemdikbud.go.id/ind...
6    https://vervalyayasan.data.kemdikbud.go.id/ind...
7    https://vervalyayasan.data.kemdikbud.go.id/ind...
8    https://vervalyayasan.data.kemdikbud.go.id/ind...
9    https://vervalyayasan.data.kemdikbud.go.id/ind...
Name: urls, dtype: object, error: Object of type Series is not JSON serializable, retry: 0
province url: 10    https://vervalyayasan.data.kemdikbud.go.id/ind...
11    https://vervalyayasan.data.kemdikbud.go.id/ind...
12    https://vervalyayasan.data.kemdikbud.go.id/ind...
13    https://vervalyayasan.data.kemdikbud.go.id/ind...
14    https://vervalyayasan.data.kemdikbud.go.id/ind...
15    https://vervalyayasan.data.kemdikbud.go.id/ind...
16    https://vervalyayasan.data.kemdikbud.go.id/ind...
17    https://vervalyayasan.data.kemdikbud.go.id/ind...
18    https://vervalyayasan.data.kemdikbud.go.id/ind...
19    https://vervalyayasan.data.kemdikbud.go.id/ind...
Name: urls, dtype: object, error: Object of type Series is not JSON serializable, retry: 0
province url: 20    https://vervalyayasan.data.kemdikbud.go.id/ind...
21    https://vervalyayasan.data.kemdikbud.go.id/ind...
22    https://vervalyayasan.data.kemdikbud.go.id/ind...
23    https://vervalyayasan.data.kemdikbud.go.id/ind...
24    https://vervalyayasan.data.kemdikbud.go.id/ind...
25    https://vervalyayasan.data.kemdikbud.go.id/ind...
26    https://vervalyayasan.data.kemdikbud.go.id/ind...
27    https://vervalyayasan.data.kemdikbud.go.id/ind...
28    https://vervalyayasan.data.kemdikbud.go.id/ind...
29    https://vervalyayasan.data.kemdikbud.go.id/ind...
Name: urls, dtype: object, error: Object of type Series is not JSON serializable, retry: 0
province url: 30    https://vervalyayasan.data.kemdikbud.go.id/ind...
31    https://vervalyayasan.data.kemdikbud.go.id/ind...
32    https://vervalyayasan.data.kemdikbud.go.id/ind...
33    https://vervalyayasan.data.kemdikbud.go.id/ind...
34    https://vervalyayasan.data.kemdikbud.go.id/ind...
35    https://vervalyayasan.data.kemdikbud.go.id/ind...
36    https://vervalyayasan.data.kemdikbud.go.id/ind...
37    https://vervalyayasan.data.kemdikbud.go.id/ind...
38    https://vervalyayasan.data.kemdikbud.go.id/ind...
Name: urls, dtype: object, error: Object of type Series is not JSON serializable, retry: 0
province url: 0    https://vervalyayasan.data.kemdikbud.go.id/ind...
1    https://vervalyayasan.data.kemdikbud.go.id/ind...
2    https://vervalyayasan.data.kemdikbud.go.id/ind...
3    https://vervalyayasan.data.kemdikbud.go.id/ind...
4    https://vervalyayasan.data.kemdikbud.go.id/ind...
5    https://vervalyayasan.data.kemdikbud.go.id/ind...
6    https://vervalyayasan.data.kemdikbud.go.id/ind...
7    https://vervalyayasan.data.kemdikbud.go.id/ind...
8    https://vervalyayasan.data.kemdikbud.go.id/ind...
9    https://vervalyayasan.data.kemdikbud.go.id/ind...
Name: urls, dtype: object, error: Object of type Series is not JSON serializable, retry: 1
province url: 10    https://vervalyayasan.data.kemdikbud.go.id/ind...
11    https://vervalyayasan.data.kemdikbud.go.id/ind...
12    https://vervalyayasan.data.kemdikbud.go.id/ind...
13    https://vervalyayasan.data.kemdikbud.go.id/ind...
14    https://vervalyayasan.data.kemdikbud.go.id/ind...
15    https://vervalyayasan.data.kemdikbud.go.id/ind...
16    https://vervalyayasan.data.kemdikbud.go.id/ind...
17    https://vervalyayasan.data.kemdikbud.go.id/ind...
18    https://vervalyayasan.data.kemdikbud.go.id/ind...
19    https://vervalyayasan.data.kemdikbud.go.id/ind...
Name: urls, dtype: object, error: Object of type Series is not JSON serializable, retry: 1
province url: 20    https://vervalyayasan.data.kemdikbud.go.id/ind...
21    https://vervalyayasan.data.kemdikbud.go.id/ind...
22    https://vervalyayasan.data.kemdikbud.go.id/ind...
23    https://vervalyayasan.data.kemdikbud.go.id/ind...
24    https://vervalyayasan.data.kemdikbud.go.id/ind...
25    https://vervalyayasan.data.kemdikbud.go.id/ind...
26    https://vervalyayasan.data.kemdikbud.go.id/ind...
27    https://vervalyayasan.data.kemdikbud.go.id/ind...
28    https://vervalyayasan.data.kemdikbud.go.id/ind...
29    https://vervalyayasan.data.kemdikbud.go.id/ind...
Name: urls, dtype: object, error: Object of type Series is not JSON serializable, retry: 1
province url: 30    https://vervalyayasan.data.kemdikbud.go.id/ind...
31    https://vervalyayasan.data.kemdikbud.go.id/ind...
32    https://vervalyayasan.data.kemdikbud.go.id/ind...
33    https://vervalyayasan.data.kemdikbud.go.id/ind...
34    https://vervalyayasan.data.kemdikbud.go.id/ind...
35    https://vervalyayasan.data.kemdikbud.go.id/ind...
36    https://vervalyayasan.data.kemdikbud.go.id/ind...
37    https://vervalyayasan.data.kemdikbud.go.id/ind...
38    https://vervalyayasan.data.kemdikbud.go.id/ind...
Name: urls, dtype: object, error: Object of type Series is not JSON serializable, retry: 1
province url: 0    https://vervalyayasan.data.kemdikbud.go.id/ind...
1    https://vervalyayasan.data.kemdikbud.go.id/ind...
2    https://vervalyayasan.data.kemdikbud.go.id/ind...
3    https://vervalyayasan.data.kemdikbud.go.id/ind...
4    https://vervalyayasan.data.kemdikbud.go.id/ind...
5    https://vervalyayasan.data.kemdikbud.go.id/ind...
6    https://vervalyayasan.data.kemdikbud.go.id/ind...
7    https://vervalyayasan.data.kemdikbud.go.id/ind...
8    https://vervalyayasan.data.kemdikbud.go.id/ind...
9    https://vervalyayasan.data.kemdikbud.go.id/ind...
Name: urls, dtype: object, error: Object of type Series is not JSON serializable, retry: 2
province with url 0    https://vervalyayasan.data.kemdikbud.go.id/ind...
1    https://vervalyayasan.data.kemdikbud.go.id/ind...
2    https://vervalyayasan.data.kemdikbud.go.id/ind...
3    https://vervalyayasan.data.kemdikbud.go.id/ind...
4    https://vervalyayasan.data.kemdikbud.go.id/ind...
5    https://vervalyayasan.data.kemdikbud.go.id/ind...
6    https://vervalyayasan.data.kemdikbud.go.id/ind...
7    https://vervalyayasan.data.kemdikbud.go.id/ind...
8    https://vervalyayasan.data.kemdikbud.go.id/ind...
9    https://vervalyayasan.data.kemdikbud.go.id/ind...
Name: urls, dtype: object was failed to be get
province url: 20    https://vervalyayasan.data.kemdikbud.go.id/ind...
21    https://vervalyayasan.data.kemdikbud.go.id/ind...
22    https://vervalyayasan.data.kemdikbud.go.id/ind...
23    https://vervalyayasan.data.kemdikbud.go.id/ind...
24    https://vervalyayasan.data.kemdikbud.go.id/ind...
25    https://vervalyayasan.data.kemdikbud.go.id/ind...
26    https://vervalyayasan.data.kemdikbud.go.id/ind...
27    https://vervalyayasan.data.kemdikbud.go.id/ind...
28    https://vervalyayasan.data.kemdikbud.go.id/ind...
29    https://vervalyayasan.data.kemdikbud.go.id/ind...
Name: urls, dtype: object, error: Object of type Series is not JSON serializable, retry: 2
province with url 20    https://vervalyayasan.data.kemdikbud.go.id/ind...
21    https://vervalyayasan.data.kemdikbud.go.id/ind...
22    https://vervalyayasan.data.kemdikbud.go.id/ind...
23    https://vervalyayasan.data.kemdikbud.go.id/ind...
24    https://vervalyayasan.data.kemdikbud.go.id/ind...
25    https://vervalyayasan.data.kemdikbud.go.id/ind...
26    https://vervalyayasan.data.kemdikbud.go.id/ind...
27    https://vervalyayasan.data.kemdikbud.go.id/ind...
28    https://vervalyayasan.data.kemdikbud.go.id/ind...
29    https://vervalyayasan.data.kemdikbud.go.id/ind...
Name: urls, dtype: object was failed to be get
province url: 10    https://vervalyayasan.data.kemdikbud.go.id/ind...
11    https://vervalyayasan.data.kemdikbud.go.id/ind...
12    https://vervalyayasan.data.kemdikbud.go.id/ind...
13    https://vervalyayasan.data.kemdikbud.go.id/ind...
14    https://vervalyayasan.data.kemdikbud.go.id/ind...
15    https://vervalyayasan.data.kemdikbud.go.id/ind...
16    https://vervalyayasan.data.kemdikbud.go.id/ind...
17    https://vervalyayasan.data.kemdikbud.go.id/ind...
18    https://vervalyayasan.data.kemdikbud.go.id/ind...
19    https://vervalyayasan.data.kemdikbud.go.id/ind...
Name: urls, dtype: object, error: Object of type Series is not JSON serializable, retry: 2
province with url 10    https://vervalyayasan.data.kemdikbud.go.id/ind...
11    https://vervalyayasan.data.kemdikbud.go.id/ind...
12    https://vervalyayasan.data.kemdikbud.go.id/ind...
13    https://vervalyayasan.data.kemdikbud.go.id/ind...
14    https://vervalyayasan.data.kemdikbud.go.id/ind...
15    https://vervalyayasan.data.kemdikbud.go.id/ind...
16    https://vervalyayasan.data.kemdikbud.go.id/ind...
17    https://vervalyayasan.data.kemdikbud.go.id/ind...
18    https://vervalyayasan.data.kemdikbud.go.id/ind...
19    https://vervalyayasan.data.kemdikbud.go.id/ind...
Name: urls, dtype: object was failed to be get
province url: 30    https://vervalyayasan.data.kemdikbud.go.id/ind...
31    https://vervalyayasan.data.kemdikbud.go.id/ind...
32    https://vervalyayasan.data.kemdikbud.go.id/ind...
33    https://vervalyayasan.data.kemdikbud.go.id/ind...
34    https://vervalyayasan.data.kemdikbud.go.id/ind...
35    https://vervalyayasan.data.kemdikbud.go.id/ind...
36    https://vervalyayasan.data.kemdikbud.go.id/ind...
37    https://vervalyayasan.data.kemdikbud.go.id/ind...
38    https://vervalyayasan.data.kemdikbud.go.id/ind...
Name: urls, dtype: object, error: Object of type Series is not JSON serializable, retry: 2
province with url 30    https://vervalyayasan.data.kemdikbud.go.id/ind...
31    https://vervalyayasan.data.kemdikbud.go.id/ind...
32    https://vervalyayasan.data.kemdikbud.go.id/ind...
33    https://vervalyayasan.data.kemdikbud.go.id/ind...
34    https://vervalyayasan.data.kemdikbud.go.id/ind...
35    https://vervalyayasan.data.kemdikbud.go.id/ind...
36    https://vervalyayasan.data.kemdikbud.go.id/ind...
37    https://vervalyayasan.data.kemdikbud.go.id/ind...
38    https://vervalyayasan.data.kemdikbud.go.id/ind...
Name: urls, dtype: object was failed to be get
kabupaten done in: 9.050610780715942
OS SYSTEM:    Windows
CPU CORES:    4
CHROME PATH:     webdriver\chrome\Windows\v118.0.5993.70\chromedriver.exe
getting provices
getting kabupaten/kota
0     https://vervalyayasan.data.kemdikbud.go.id/ind...
1     https://vervalyayasan.data.kemdikbud.go.id/ind...
2     https://vervalyayasan.data.kemdikbud.go.id/ind...
3     https://vervalyayasan.data.kemdikbud.go.id/ind...
4     https://vervalyayasan.data.kemdikbud.go.id/ind...
5     https://vervalyayasan.data.kemdikbud.go.id/ind...
6     https://vervalyayasan.data.kemdikbud.go.id/ind...
7     https://vervalyayasan.data.kemdikbud.go.id/ind...
8     https://vervalyayasan.data.kemdikbud.go.id/ind...
9     https://vervalyayasan.data.kemdikbud.go.id/ind...
10    https://vervalyayasan.data.kemdikbud.go.id/ind...
11    https://vervalyayasan.data.kemdikbud.go.id/ind...
12    https://vervalyayasan.data.kemdikbud.go.id/ind...
13    https://vervalyayasan.data.kemdikbud.go.id/ind...
14    https://vervalyayasan.data.kemdikbud.go.id/ind...
15    https://vervalyayasan.data.kemdikbud.go.id/ind...
16    https://vervalyayasan.data.kemdikbud.go.id/ind...
17    https://vervalyayasan.data.kemdikbud.go.id/ind...
18    https://vervalyayasan.data.kemdikbud.go.id/ind...
19    https://vervalyayasan.data.kemdikbud.go.id/ind...
20    https://vervalyayasan.data.kemdikbud.go.id/ind...
21    https://vervalyayasan.data.kemdikbud.go.id/ind...
22    https://vervalyayasan.data.kemdikbud.go.id/ind...
23    https://vervalyayasan.data.kemdikbud.go.id/ind...
24    https://vervalyayasan.data.kemdikbud.go.id/ind...
25    https://vervalyayasan.data.kemdikbud.go.id/ind...
26    https://vervalyayasan.data.kemdikbud.go.id/ind...
27    https://vervalyayasan.data.kemdikbud.go.id/ind...
28    https://vervalyayasan.data.kemdikbud.go.id/ind...
29    https://vervalyayasan.data.kemdikbud.go.id/ind...
30    https://vervalyayasan.data.kemdikbud.go.id/ind...
31    https://vervalyayasan.data.kemdikbud.go.id/ind...
32    https://vervalyayasan.data.kemdikbud.go.id/ind...
33    https://vervalyayasan.data.kemdikbud.go.id/ind...
34    https://vervalyayasan.data.kemdikbud.go.id/ind...
35    https://vervalyayasan.data.kemdikbud.go.id/ind...
36    https://vervalyayasan.data.kemdikbud.go.id/ind...
37    https://vervalyayasan.data.kemdikbud.go.id/ind...
38    https://vervalyayasan.data.kemdikbud.go.id/ind...
Name: urls, dtype: object
https://vervalyayasan.data.kemdikbud.go.id/index.php/Chome/rekapitulasi?kode_wilayah=350000
https://vervalyayasan.data.kemdikbud.go.id/index.php/Chome/rekapitulasi?kode_wilayah=030000
https://vervalyayasan.data.kemdikbud.go.id/index.php/Chome/rekapitulasi?kode_wilayah=210000
https://vervalyayasan.data.kemdikbud.go.id/index.php/Chome/rekapitulasi?kode_wilayah=090000
2023-10-29 18:46:59 - Connection pool is full, discarding connection: localhost. Connection pool size: 1
2023-10-29 18:46:59 - Connection pool is full, discarding connection: localhost. Connection pool size: 1
2023-10-29 18:46:59 - Connection pool is full, discarding connection: localhost. Connection pool size: 1
2023-10-29 18:46:59 - Connection pool is full, discarding connection: localhost. Connection pool size: 1
2023-10-29 18:46:59 - Connection pool is full, discarding connection: localhost. Connection pool size: 1
2023-10-29 18:46:59 - Connection pool is full, discarding connection: localhost. Connection pool size: 1
kabupaten done in: 7.8698225021362305
OS SYSTEM:    Windows
CPU CORES:    4
CHROME PATH:     webdriver\chrome\Windows\v118.0.5993.70\chromedriver.exe
getting provices
getting kabupaten/kota
https://vervalyayasan.data.kemdikbud.go.id/index.php/Chome/rekapitulasi?kode_wilayah=350000
https://vervalyayasan.data.kemdikbud.go.id/index.php/Chome/rekapitulasi?kode_wilayah=030000
https://vervalyayasan.data.kemdikbud.go.id/index.php/Chome/rekapitulasi?kode_wilayah=210000
https://vervalyayasan.data.kemdikbud.go.id/index.php/Chome/rekapitulasi?kode_wilayah=090000
2023-10-29 18:47:26 - Connection pool is full, discarding connection: localhost. Connection pool size: 1
2023-10-29 18:47:26 - Connection pool is full, discarding connection: localhost. Connection pool size: 1
2023-10-29 18:47:26 - Connection pool is full, discarding connection: localhost. Connection pool size: 1
kabupaten done in: 5.834810972213745
OS SYSTEM:    Windows
CPU CORES:    4
CHROME PATH:     webdriver\chrome\Windows\v118.0.5993.70\chromedriver.exe
getting provices
getting kabupaten/kota
https://vervalyayasan.data.kemdikbud.go.id/index.php/Chome/rekapitulasi?kode_wilayah=350000
https://vervalyayasan.data.kemdikbud.go.id/index.php/Chome/rekapitulasi?kode_wilayah=030000
https://vervalyayasan.data.kemdikbud.go.id/index.php/Chome/rekapitulasi?kode_wilayah=210000
https://vervalyayasan.data.kemdikbud.go.id/index.php/Chome/rekapitulasi?kode_wilayah=090000
2023-10-29 18:48:41 - Connection pool is full, discarding connection: localhost. Connection pool size: 1
2023-10-29 18:48:41 - Connection pool is full, discarding connection: localhost. Connection pool size: 1
2023-10-29 18:48:41 - Connection pool is full, discarding connection: localhost. Connection pool size: 1
kabupaten done in: 4.835307598114014
OS SYSTEM:    Windows
CPU CORES:    4
CHROME PATH:     webdriver\chrome\Windows\v118.0.5993.70\chromedriver.exe
getting provices
getting kabupaten/kota
https://vervalyayasan.data.kemdikbud.go.id/index.php/Chome/rekapitulasi?kode_wilayah=350000
https://vervalyayasan.data.kemdikbud.go.id/index.php/Chome/rekapitulasi?kode_wilayah=030000
https://vervalyayasan.data.kemdikbud.go.id/index.php/Chome/rekapitulasi?kode_wilayah=210000
https://vervalyayasan.data.kemdikbud.go.id/index.php/Chome/rekapitulasi?kode_wilayah=090000
2023-10-29 18:51:51 - Connection pool is full, discarding connection: localhost. Connection pool size: 1
2023-10-29 18:51:51 - Connection pool is full, discarding connection: localhost. Connection pool size: 1
2023-10-29 18:51:51 - Connection pool is full, discarding connection: localhost. Connection pool size: 1
kabupaten names len: 44
kabupaten names len: 44
OS SYSTEM:    Windows
CPU CORES:    4
CHROME PATH:     webdriver\chrome\Windows\v118.0.5993.70\chromedriver.exe
getting provices
getting kabupaten/kota
https://vervalyayasan.data.kemdikbud.go.id/index.php/Chome/rekapitulasi?kode_wilayah=350000
https://vervalyayasan.data.kemdikbud.go.id/index.php/Chome/rekapitulasi?kode_wilayah=030000
https://vervalyayasan.data.kemdikbud.go.id/index.php/Chome/rekapitulasi?kode_wilayah=210000
https://vervalyayasan.data.kemdikbud.go.id/index.php/Chome/rekapitulasi?kode_wilayah=090000
2023-10-29 18:52:26 - Connection pool is full, discarding connection: localhost. Connection pool size: 1
2023-10-29 18:52:26 - Connection pool is full, discarding connection: localhost. Connection pool size: 1
2023-10-29 18:52:26 - Connection pool is full, discarding connection: localhost. Connection pool size: 1
kabupaten names len: 48
kabupaten names len: 48
OS SYSTEM:    Windows
CPU CORES:    4
CHROME PATH:     webdriver\chrome\Windows\v118.0.5993.70\chromedriver.exe
getting provices
getting kabupaten/kota
0     https://vervalyayasan.data.kemdikbud.go.id/ind...
1     https://vervalyayasan.data.kemdikbud.go.id/ind...
2     https://vervalyayasan.data.kemdikbud.go.id/ind...
3     https://vervalyayasan.data.kemdikbud.go.id/ind...
4     https://vervalyayasan.data.kemdikbud.go.id/ind...
5     https://vervalyayasan.data.kemdikbud.go.id/ind...
6     https://vervalyayasan.data.kemdikbud.go.id/ind...
7     https://vervalyayasan.data.kemdikbud.go.id/ind...
8     https://vervalyayasan.data.kemdikbud.go.id/ind...
9     https://vervalyayasan.data.kemdikbud.go.id/ind...
10    https://vervalyayasan.data.kemdikbud.go.id/ind...
11    https://vervalyayasan.data.kemdikbud.go.id/ind...
12    https://vervalyayasan.data.kemdikbud.go.id/ind...
13    https://vervalyayasan.data.kemdikbud.go.id/ind...
14    https://vervalyayasan.data.kemdikbud.go.id/ind...
15    https://vervalyayasan.data.kemdikbud.go.id/ind...
16    https://vervalyayasan.data.kemdikbud.go.id/ind...
17    https://vervalyayasan.data.kemdikbud.go.id/ind...
18    https://vervalyayasan.data.kemdikbud.go.id/ind...
19    https://vervalyayasan.data.kemdikbud.go.id/ind...
20    https://vervalyayasan.data.kemdikbud.go.id/ind...
21    https://vervalyayasan.data.kemdikbud.go.id/ind...
22    https://vervalyayasan.data.kemdikbud.go.id/ind...
23    https://vervalyayasan.data.kemdikbud.go.id/ind...
24    https://vervalyayasan.data.kemdikbud.go.id/ind...
25    https://vervalyayasan.data.kemdikbud.go.id/ind...
26    https://vervalyayasan.data.kemdikbud.go.id/ind...
27    https://vervalyayasan.data.kemdikbud.go.id/ind...
28    https://vervalyayasan.data.kemdikbud.go.id/ind...
29    https://vervalyayasan.data.kemdikbud.go.id/ind...
30    https://vervalyayasan.data.kemdikbud.go.id/ind...
31    https://vervalyayasan.data.kemdikbud.go.id/ind...
32    https://vervalyayasan.data.kemdikbud.go.id/ind...
33    https://vervalyayasan.data.kemdikbud.go.id/ind...
34    https://vervalyayasan.data.kemdikbud.go.id/ind...
35    https://vervalyayasan.data.kemdikbud.go.id/ind...
36    https://vervalyayasan.data.kemdikbud.go.id/ind...
37    https://vervalyayasan.data.kemdikbud.go.id/ind...
38    https://vervalyayasan.data.kemdikbud.go.id/ind...
Name: urls, dtype: object
kabupaten names len: 0
kabupaten names len: 0
OS SYSTEM:    Windows
CPU CORES:    4
CHROME PATH:     webdriver\chrome\Windows\v118.0.5993.70\chromedriver.exe
getting provices
getting kabupaten/kota
https://vervalyayasan.data.kemdikbud.go.id/index.php/Chome/rekapitulasi?kode_wilayah=350000
https://vervalyayasan.data.kemdikbud.go.id/index.php/Chome/rekapitulasi?kode_wilayah=060000
https://vervalyayasan.data.kemdikbud.go.id/index.php/Chome/rekapitulasi?kode_wilayah=220000
https://vervalyayasan.data.kemdikbud.go.id/index.php/Chome/rekapitulasi?kode_wilayah=280000
https://vervalyayasan.data.kemdikbud.go.id/index.php/Chome/rekapitulasi?kode_wilayah=260000
https://vervalyayasan.data.kemdikbud.go.id/index.php/Chome/rekapitulasi?kode_wilayah=040000
https://vervalyayasan.data.kemdikbud.go.id/index.php/Chome/rekapitulasi?kode_wilayah=010000
https://vervalyayasan.data.kemdikbud.go.id/index.php/Chome/rekapitulasi?kode_wilayah=300000
https://vervalyayasan.data.kemdikbud.go.id/index.php/Chome/rekapitulasi?kode_wilayah=100000
https://vervalyayasan.data.kemdikbud.go.id/index.php/Chome/rekapitulasi?kode_wilayah=020000
https://vervalyayasan.data.kemdikbud.go.id/index.php/Chome/rekapitulasi?kode_wilayah=030000
https://vervalyayasan.data.kemdikbud.go.id/index.php/Chome/rekapitulasi?kode_wilayah=050000
https://vervalyayasan.data.kemdikbud.go.id/index.php/Chome/rekapitulasi?kode_wilayah=130000
https://vervalyayasan.data.kemdikbud.go.id/index.php/Chome/rekapitulasi?kode_wilayah=150000
https://vervalyayasan.data.kemdikbud.go.id/index.php/Chome/rekapitulasi?kode_wilayah=140000
https://vervalyayasan.data.kemdikbud.go.id/index.php/Chome/rekapitulasi?kode_wilayah=160000
https://vervalyayasan.data.kemdikbud.go.id/index.php/Chome/rekapitulasi?kode_wilayah=340000
https://vervalyayasan.data.kemdikbud.go.id/index.php/Chome/rekapitulasi?kode_wilayah=290000
https://vervalyayasan.data.kemdikbud.go.id/index.php/Chome/rekapitulasi?kode_wilayah=310000
https://vervalyayasan.data.kemdikbud.go.id/index.php/Chome/rekapitulasi?kode_wilayah=120000
https://vervalyayasan.data.kemdikbud.go.id/index.php/Chome/rekapitulasi?kode_wilayah=210000
https://vervalyayasan.data.kemdikbud.go.id/index.php/Chome/rekapitulasi?kode_wilayah=270000
https://vervalyayasan.data.kemdikbud.go.id/index.php/Chome/rekapitulasi?kode_wilayah=230000
https://vervalyayasan.data.kemdikbud.go.id/index.php/Chome/rekapitulasi?kode_wilayah=240000
https://vervalyayasan.data.kemdikbud.go.id/index.php/Chome/rekapitulasi?kode_wilayah=250000
https://vervalyayasan.data.kemdikbud.go.id/index.php/Chome/rekapitulasi?kode_wilayah=320000
https://vervalyayasan.data.kemdikbud.go.id/index.php/Chome/rekapitulasi?kode_wilayah=390000
https://vervalyayasan.data.kemdikbud.go.id/index.php/Chome/rekapitulasi?kode_wilayah=380000
https://vervalyayasan.data.kemdikbud.go.id/index.php/Chome/rekapitulasi?kode_wilayah=370000
https://vervalyayasan.data.kemdikbud.go.id/index.php/Chome/rekapitulasi?kode_wilayah=360000
https://vervalyayasan.data.kemdikbud.go.id/index.php/Chome/rekapitulasi?kode_wilayah=090000
https://vervalyayasan.data.kemdikbud.go.id/index.php/Chome/rekapitulasi?kode_wilayah=330000
https://vervalyayasan.data.kemdikbud.go.id/index.php/Chome/rekapitulasi?kode_wilayah=190000
https://vervalyayasan.data.kemdikbud.go.id/index.php/Chome/rekapitulasi?kode_wilayah=180000
https://vervalyayasan.data.kemdikbud.go.id/index.php/Chome/rekapitulasi?kode_wilayah=200000
https://vervalyayasan.data.kemdikbud.go.id/index.php/Chome/rekapitulasi?kode_wilayah=170000
https://vervalyayasan.data.kemdikbud.go.id/index.php/Chome/rekapitulasi?kode_wilayah=080000
https://vervalyayasan.data.kemdikbud.go.id/index.php/Chome/rekapitulasi?kode_wilayah=110000
https://vervalyayasan.data.kemdikbud.go.id/index.php/Chome/rekapitulasi?kode_wilayah=070000
kabupaten names len: 0
kabupaten names len: 0
OS SYSTEM:    Windows
CPU CORES:    4
CHROME PATH:     webdriver\chrome\Windows\v118.0.5993.70\chromedriver.exe
getting provices
getting kabupaten/kota
https://vervalyayasan.data.kemdikbud.go.id/index.php/Chome/rekapitulasi?kode_wilayah=350000
https://vervalyayasan.data.kemdikbud.go.id/index.php/Chome/rekapitulasi?kode_wilayah=060000
https://vervalyayasan.data.kemdikbud.go.id/index.php/Chome/rekapitulasi?kode_wilayah=220000
https://vervalyayasan.data.kemdikbud.go.id/index.php/Chome/rekapitulasi?kode_wilayah=280000
https://vervalyayasan.data.kemdikbud.go.id/index.php/Chome/rekapitulasi?kode_wilayah=260000
https://vervalyayasan.data.kemdikbud.go.id/index.php/Chome/rekapitulasi?kode_wilayah=040000
https://vervalyayasan.data.kemdikbud.go.id/index.php/Chome/rekapitulasi?kode_wilayah=010000
https://vervalyayasan.data.kemdikbud.go.id/index.php/Chome/rekapitulasi?kode_wilayah=300000
https://vervalyayasan.data.kemdikbud.go.id/index.php/Chome/rekapitulasi?kode_wilayah=100000
https://vervalyayasan.data.kemdikbud.go.id/index.php/Chome/rekapitulasi?kode_wilayah=020000
https://vervalyayasan.data.kemdikbud.go.id/index.php/Chome/rekapitulasi?kode_wilayah=030000
https://vervalyayasan.data.kemdikbud.go.id/index.php/Chome/rekapitulasi?kode_wilayah=050000
https://vervalyayasan.data.kemdikbud.go.id/index.php/Chome/rekapitulasi?kode_wilayah=130000
https://vervalyayasan.data.kemdikbud.go.id/index.php/Chome/rekapitulasi?kode_wilayah=150000
https://vervalyayasan.data.kemdikbud.go.id/index.php/Chome/rekapitulasi?kode_wilayah=140000
https://vervalyayasan.data.kemdikbud.go.id/index.php/Chome/rekapitulasi?kode_wilayah=160000
https://vervalyayasan.data.kemdikbud.go.id/index.php/Chome/rekapitulasi?kode_wilayah=340000
https://vervalyayasan.data.kemdikbud.go.id/index.php/Chome/rekapitulasi?kode_wilayah=290000
https://vervalyayasan.data.kemdikbud.go.id/index.php/Chome/rekapitulasi?kode_wilayah=310000
https://vervalyayasan.data.kemdikbud.go.id/index.php/Chome/rekapitulasi?kode_wilayah=120000
https://vervalyayasan.data.kemdikbud.go.id/index.php/Chome/rekapitulasi?kode_wilayah=210000
https://vervalyayasan.data.kemdikbud.go.id/index.php/Chome/rekapitulasi?kode_wilayah=270000
https://vervalyayasan.data.kemdikbud.go.id/index.php/Chome/rekapitulasi?kode_wilayah=230000
https://vervalyayasan.data.kemdikbud.go.id/index.php/Chome/rekapitulasi?kode_wilayah=240000
https://vervalyayasan.data.kemdikbud.go.id/index.php/Chome/rekapitulasi?kode_wilayah=250000
https://vervalyayasan.data.kemdikbud.go.id/index.php/Chome/rekapitulasi?kode_wilayah=320000
https://vervalyayasan.data.kemdikbud.go.id/index.php/Chome/rekapitulasi?kode_wilayah=390000
https://vervalyayasan.data.kemdikbud.go.id/index.php/Chome/rekapitulasi?kode_wilayah=380000
https://vervalyayasan.data.kemdikbud.go.id/index.php/Chome/rekapitulasi?kode_wilayah=370000
https://vervalyayasan.data.kemdikbud.go.id/index.php/Chome/rekapitulasi?kode_wilayah=360000
https://vervalyayasan.data.kemdikbud.go.id/index.php/Chome/rekapitulasi?kode_wilayah=090000
https://vervalyayasan.data.kemdikbud.go.id/index.php/Chome/rekapitulasi?kode_wilayah=330000
https://vervalyayasan.data.kemdikbud.go.id/index.php/Chome/rekapitulasi?kode_wilayah=190000
https://vervalyayasan.data.kemdikbud.go.id/index.php/Chome/rekapitulasi?kode_wilayah=180000
https://vervalyayasan.data.kemdikbud.go.id/index.php/Chome/rekapitulasi?kode_wilayah=200000
https://vervalyayasan.data.kemdikbud.go.id/index.php/Chome/rekapitulasi?kode_wilayah=170000
https://vervalyayasan.data.kemdikbud.go.id/index.php/Chome/rekapitulasi?kode_wilayah=080000
https://vervalyayasan.data.kemdikbud.go.id/index.php/Chome/rekapitulasi?kode_wilayah=110000
https://vervalyayasan.data.kemdikbud.go.id/index.php/Chome/rekapitulasi?kode_wilayah=070000
kabupaten names len: 0
kabupaten names len: 0
OS SYSTEM:    Windows
CPU CORES:    4
CHROME PATH:     webdriver\chrome\Windows\v118.0.5993.70\chromedriver.exe
getting provices
getting kabupaten/kota
OS SYSTEM:    Windows
CPU CORES:    4
CHROME PATH:     webdriver\chrome\Windows\v118.0.5993.70\chromedriver.exe
getting provices
getting kabupaten/kota
0    https://vervalyayasan.data.kemdikbud.go.id/ind...
1    https://vervalyayasan.data.kemdikbud.go.id/ind...
2    https://vervalyayasan.data.kemdikbud.go.id/ind...
3    https://vervalyayasan.data.kemdikbud.go.id/ind...
4    https://vervalyayasan.data.kemdikbud.go.id/ind...
5    https://vervalyayasan.data.kemdikbud.go.id/ind...
6    https://vervalyayasan.data.kemdikbud.go.id/ind...
7    https://vervalyayasan.data.kemdikbud.go.id/ind...
8    https://vervalyayasan.data.kemdikbud.go.id/ind...
9    https://vervalyayasan.data.kemdikbud.go.id/ind...
Name: urls, dtype: object
