OS SYSTEM:    Windows
Num Threads:    4
CHROME PATH:     webdriver\chrome\Windows\v119_0_6045_105\chromedriver.exe
kode_wilayah_kabupaten:  526
get kab/kota done in: 12.218067169189453 seconds
OS SYSTEM:    Windows
Num Threads:    4
CHROME PATH:     webdriver\chrome\Windows\v116_0_5845_96\chromedriver.exe
OS SYSTEM:    Windows
Num Threads:    4
CHROME PATH:     webdriver\chrome\Windows\v119_0_6045_105\chromedriver.exe
kode_wilayah_kabupaten:  526
get kab/kota done in: 11.127529382705688 seconds
OS SYSTEM:    Windows
Num Threads:    4
CHROME PATH:     webdriver\chrome\Windows\v119_0_6045_105\chromedriver.exe
OS SYSTEM:    Windows
Num Threads:    4
CHROME PATH:     webdriver\chrome\Windows\v119_0_6045_105\chromedriver.exe
OS SYSTEM:    Windows
Num Threads:    4
CHROME PATH:     webdriver\chrome\Windows\v119_0_6045_105\chromedriver.exe
OS SYSTEM:    Windows
Num Threads:    4
CHROME PATH:     webdriver\chrome\Windows\v119_0_6045_105\chromedriver.exe
OS SYSTEM:    Windows
Num Threads:    4
CHROME PATH:     webdriver\chrome\Windows\v119_0_6045_105\chromedriver.exe
getting kecamatan
